<?xml version="1.0" encoding="UTF-8"?>
<testsuites name="New Test Suite" time="0" tests="0" failures="0" errors="0">
   <testsuite name="New Test Suite" tests="0" failures="0" errors="0" time="0" timestamp="2017-09-07 16:01:44" hostname="eklooster - 10.10.101.224" id="Test Suites/New Test Suite">
      <properties>
         <property name="deviceName" value=""/>
         <property name="devicePlatform" value=""/>
         <property name="logFolder" value="/Users/eklooster/git/KatalonGit/Reports/New Test Suite/20170907_160132"/>
         <property name="logFiles" value="/Users/eklooster/git/KatalonGit/Reports/New Test Suite/20170907_160132/execution0.log"/>
         <property name="attachments" value=""/>
         <property name="hostName" value="eklooster - 10.10.101.224"/>
         <property name="hostAddress" value="10.10.101.224"/>
         <property name="os" value="Mac OS X 64bit"/>
         <property name="katalonVersion" value="4.8.0.2"/>
      </properties>
      <system-out><![CDATA[2017-09-07 16:01:44 - [TEST_SUITE][INCOMPLETE] - New Test Suite: null]]></system-out>
      <system-err><![CDATA[2017-09-07 16:01:44 - [TEST_SUITE][INCOMPLETE] - New Test Suite: null]]></system-err>
   </testsuite>
</testsuites>
