<?xml version="1.0" encoding="UTF-8"?>
<testsuites name="New Test Suite" time="18" tests="2" failures="0" errors="0">
   <testsuite name="New Test Suite" tests="2" failures="0" errors="0" time="18" timestamp="2017-09-07 16:05:46" hostname="eklooster - 10.10.101.224" id="Test Suites/New Test Suite">
      <properties>
         <property name="deviceName" value=""/>
         <property name="devicePlatform" value=""/>
         <property name="logFolder" value="/Users/eklooster/git/KatalonGit/Reports/New Test Suite/20170907_160534"/>
         <property name="logFiles" value="/Users/eklooster/git/KatalonGit/Reports/New Test Suite/20170907_160534/execution0.log"/>
         <property name="attachments" value=""/>
         <property name="hostName" value="eklooster - 10.10.101.224"/>
         <property name="os" value="Mac OS X 64bit"/>
         <property name="katalonVersion" value="4.8.0.2"/>
         <property name="browser" value="Firefox 55.0"/>
         <property name="hostAddress" value="10.10.101.224"/>
         <property name="sessionId" value="caef5d3e-5275-4b41-9b1f-22c6c0838a6c"/>
         <property name="seleniumVersion" value="2.53.0"/>
         <property name="proxyInformation" value="ProxyInformation{proxyOption=NO_PROXY, proxyServerType=HTTP, password=, proxyServerAddress=, proxyServerPort=0}"/>
         <property name="platform" value="Mac OS X"/>
      </properties>
      <testcase name="Test Cases/Test 2" classname="Test Cases/Test 2" status="PASSED">
         <system-out><![CDATA[2017-09-07 16:05:47 - [TEST_CASE][PASSED] - Test Cases/Test 2: Test Cases/Test 2

2017-09-07 16:05:47 - [TEST_STEP][PASSED] - openBrowser: Browser is opened with url: ''

2017-09-07 16:05:52 - [MESSAGE][PASSED] - Browser is opened with url: ''

2017-09-07 16:05:52 - [TEST_STEP][PASSED] - navigateToUrl: Navigate to 'https://www.vantilburgonline.nl/' successfully

2017-09-07 16:05:55 - [MESSAGE][PASSED] - Navigate to 'https://www.vantilburgonline.nl/' successfully

2017-09-07 16:05:55 - [TEST_STEP][PASSED] - click: Object: 'Object Repository/a_Dames' is clicked on

2017-09-07 16:05:56 - [MESSAGE][PASSED] - Object: 'Object Repository/a_Dames' is clicked on

2017-09-07 16:05:56 - [TEST_STEP][PASSED] - closeBrowser: Browser is closed

2017-09-07 16:05:56 - [MESSAGE][PASSED] - Browser is closed]]></system-out>
         <system-err><![CDATA[]]></system-err>
      </testcase>
      <testcase name="Test Cases/Test 1" classname="Test Cases/Test 1" status="PASSED">
         <system-out><![CDATA[2017-09-07 16:05:57 - [TEST_CASE][PASSED] - Test Cases/Test 1: Test Cases/Test 1

2017-09-07 16:05:57 - [TEST_STEP][PASSED] - openBrowser: Browser is opened with url: ''

2017-09-07 16:06:00 - [MESSAGE][PASSED] - Browser is opened with url: ''

2017-09-07 16:06:00 - [TEST_STEP][PASSED] - navigateToUrl: Navigate to 'https://www.spacsport.nl/' successfully

2017-09-07 16:06:01 - [MESSAGE][PASSED] - Navigate to 'https://www.spacsport.nl/' successfully

2017-09-07 16:06:01 - [TEST_STEP][PASSED] - click: Object: 'Object Repository/a_Dames (1)' is clicked on

2017-09-07 16:06:05 - [MESSAGE][PASSED] - Object: 'Object Repository/a_Dames (1)' is clicked on

2017-09-07 16:06:05 - [TEST_STEP][PASSED] - closeBrowser: Browser is closed

2017-09-07 16:06:05 - [MESSAGE][PASSED] - Browser is closed]]></system-out>
         <system-err><![CDATA[]]></system-err>
      </testcase>
      <system-out><![CDATA[2017-09-07 16:05:46 - [TEST_SUITE][PASSED] - New Test Suite: Test Cases/Test 1]]></system-out>
      <system-err><![CDATA[]]></system-err>
   </testsuite>
</testsuites>
