<?xml version="1.0" encoding="UTF-8"?>
<testsuites name="New Test Suite" time="6" tests="1" failures="0" errors="0">
   <testsuite name="New Test Suite" tests="1" failures="0" errors="0" time="6" timestamp="2017-09-07 21:13:46" hostname="eklooster - 192.168.2.51" id="Test Suites/New Test Suite">
      <properties>
         <property name="deviceName" value=""/>
         <property name="devicePlatform" value=""/>
         <property name="logFolder" value="/Users/eklooster/git/KatalonGit/Reports/New Test Suite/20170907_211335"/>
         <property name="logFiles" value="/Users/eklooster/git/KatalonGit/Reports/New Test Suite/20170907_211335/execution0.log"/>
         <property name="attachments" value=""/>
         <property name="hostName" value="eklooster - 192.168.2.51"/>
         <property name="os" value="Mac OS X 64bit"/>
         <property name="katalonVersion" value="4.8.0.2"/>
         <property name="browser" value="Chrome 60.0.3112.113"/>
         <property name="hostAddress" value="192.168.2.51"/>
         <property name="sessionId" value="41cca77c7c9c5ba60fc59b064e0a9834"/>
         <property name="seleniumVersion" value="2.53.0"/>
         <property name="proxyInformation" value="ProxyInformation{proxyOption=NO_PROXY, proxyServerType=HTTP, password=, proxyServerAddress=, proxyServerPort=0}"/>
         <property name="platform" value="Mac OS X"/>
      </properties>
      <testcase name="Test Cases/Test 1" classname="Test Cases/Test 1" status="PASSED">
         <system-out><![CDATA[2017-09-07 21:13:47 - [TEST_CASE][PASSED] - Test Cases/Test 1: Test Cases/Test 1

2017-09-07 21:13:47 - [TEST_STEP][PASSED] - openBrowser: Browser is opened with url: ''

2017-09-07 21:13:50 - [MESSAGE][PASSED] - Browser is opened with url: ''

2017-09-07 21:13:50 - [TEST_STEP][PASSED] - navigateToUrl: Navigate to 'https://www.spacsport.nl/' successfully

2017-09-07 21:13:52 - [MESSAGE][PASSED] - Navigate to 'https://www.spacsport.nl/' successfully

2017-09-07 21:13:52 - [TEST_STEP][PASSED] - click: Object: 'Object Repository/a_Dames (1)' is clicked on

2017-09-07 21:13:53 - [MESSAGE][PASSED] - Object: 'Object Repository/a_Dames (1)' is clicked on

2017-09-07 21:13:53 - [TEST_STEP][PASSED] - closeBrowser: Browser is closed

2017-09-07 21:13:53 - [MESSAGE][PASSED] - Browser is closed]]></system-out>
         <system-err><![CDATA[]]></system-err>
      </testcase>
      <system-out><![CDATA[2017-09-07 21:13:46 - [TEST_SUITE][PASSED] - New Test Suite: Test Cases/Test 1]]></system-out>
      <system-err><![CDATA[]]></system-err>
   </testsuite>
</testsuites>
